[LOG] System::create                           : Header version = 2.01.07. Current version = 2.01.07.
[LOG] Manager::init                            : maxchannels = 256 studioflags = 00000006 flags 00000000 extradriverdata 0000000000000000.
[LOG] SystemI::init                            : Initialize version=20107 (113487), maxchannels=256, flags=0x00020000
[LOG] SystemI::setOutputInternal               : Setting output to 'FMOD WASAPI Output'
[LOG] OutputWASAPI::init                       : Mix Format (WAVEFORMATEX): wFormatTag=0xFFFE, nChannels=2, nSamplesPerSec=48000, nAvgBytesPerSec=384000, nBlockAlign=8, wBitsPerSample=32, cbSize=22.
[LOG] OutputWASAPI::init                       : Mix Format (WAVEFORMATEXTENSIBLE): wValidBitsPerSample=32, dwChannelMask=0x00000003, SubFormat=00000003-0000-0010-8000-00AA00389B71.
[LOG] OutputWASAPI::init                       : Output buffer size: 4096 samples, latency: 0.00ms, period: 10.00ms, DSP buffer: 1024 * 4
[LOG] Thread::initThread                       : Init FMOD stream thread. Affinity: 0x8000000000000003, Priority: 0xFFFF7FFB, Stack Size: 98304, Semaphore: No, Sleep Time: 10, Looping: Yes.
[LOG] Thread::initThread                       : Init FMOD mixer thread. Affinity: 0x8000000000000001, Priority: 0xFFFF7FFA, Stack Size: 81920, Semaphore: No, Sleep Time: 0, Looping: Yes.
[LOG] AsyncManager::init                       : manager 000001E9D63EEDB8 isAsync 0 updatePeriod 0.02
[LOG] AsyncManager::init                       : done
[LOG] PlaybackSystem::init                     : 
[LOG] Thread::initThread                       : Init FMOD Studio sample load thread. Affinity: 0x8000000000000003, Priority: 0xFFFF7FFD, Stack Size: 98304, Semaphore: No, Sleep Time: 1, Looping: No.
[LOG] PlaybackSystem::init                     : done
[LOG] Thread::initThread                       : Init FMOD Studio bank load thread. Affinity: 0x8000000000000003, Priority: 0xFFFF7FFD, Stack Size: 98304, Semaphore: No, Sleep Time: 1, Looping: No.
[LOG] Manager::init                            : done.
[LOG] Manager::readBank                        : fileversion = 135, compatVersion = 132 (oldest = 44, newest = 135)
[LOG] SystemI::createSoundInternal             : Create name='', mode=0x02000202
[LOG] SystemI::createSoundInternal             : exinfo->cbsize             = 224
[LOG] SystemI::createSoundInternal             : exinfo->length             = 880736
[LOG] SystemI::createSoundInternal             : exinfo->fileoffset         = 53568
[LOG] SystemI::createSoundInternal             : exinfo->numsubsounds       = 1
[LOG] SystemI::createSoundInternal             : exinfo->inclusionlist      = 000000C6CD93F528
[LOG] SystemI::createSoundInternal             : exinfo->inclusionlistnum   = 1
[LOG] SystemI::createSoundInternal             : exinfo->suggestedsoundtype = 5
[LOG] SystemI::createSoundInternal             : exinfo->useropen           = 00007FFB78FD7B10
[LOG] SystemI::createSoundInternal             : exinfo->userclose          = 00007FFB78FD7AE0
[LOG] SystemI::createSoundInternal             : exinfo->userread           = 00007FFB78FD7BE0
[LOG] SystemI::createSoundInternal             : exinfo->userseek           = 00007FFB78FD7CA0
[LOG] SystemI::createSoundInternal             : exinfo->fileuserdata       = 000001E9B0C9AFE8
[LOG] SystemI::createSoundInternal             : exinfo->initialseekpostype = 1
[LOG] SystemI::DSPCodecPoolRegister            : register codec pool for pool type 5
[LOG] SystemI::createSoundInternal             : Sample 0/1: name='rafaga-06', format=5, channels=1, frequency=48000, lengthbytes=4096, lengthpcm=22269, pcmblocksize=0, loopstart=0, loopend=0, mode=0x00000000, channelmask=0x00000000, channelorder=0, peakvolume=0.628876.
[LOG] SystemI::createSoundInternal             : Create name='', mode=0x02000202
[LOG] SystemI::createSoundInternal             : exinfo->cbsize             = 224
[LOG] SystemI::createSoundInternal             : exinfo->length             = 880736
[LOG] SystemI::createSoundInternal             : exinfo->fileoffset         = 53568
[LOG] SystemI::createSoundInternal             : exinfo->numsubsounds       = 1
[LOG] SystemI::createSoundInternal             : exinfo->inclusionlist      = 000000C6CD93F528
[LOG] SystemI::createSoundInternal             : exinfo->inclusionlistnum   = 1
[LOG] SystemI::createSoundInternal             : exinfo->suggestedsoundtype = 5
[LOG] SystemI::createSoundInternal             : exinfo->useropen           = 00007FFB78FD7B10
[LOG] SystemI::createSoundInternal             : exinfo->userclose          = 00007FFB78FD7AE0
[LOG] SystemI::createSoundInternal             : exinfo->userread           = 00007FFB78FD7BE0
[LOG] SystemI::createSoundInternal             : exinfo->userseek           = 00007FFB78FD7CA0
[LOG] SystemI::createSoundInternal             : exinfo->fileuserdata       = 000001E9B0C9AFE8
[LOG] SystemI::createSoundInternal             : exinfo->initialseekpostype = 1
[LOG] SystemI::DSPCodecPoolRegister            : register codec pool for pool type 5
[LOG] SystemI::createSoundInternal             : Sample 0/1: name='rafaga-04', format=5, channels=1, frequency=48000, lengthbytes=4320, lengthpcm=23530, pcmblocksize=0, loopstart=0, loopend=0, mode=0x00000000, channelmask=0x00000000, channelorder=0, peakvolume=0.623749.
[LOG] SystemI::createSoundInternal             : Create name='', mode=0x02000202
[LOG] SystemI::createSoundInternal             : exinfo->cbsize             = 224
[LOG] SystemI::createSoundInternal             : exinfo->length             = 880736
[LOG] SystemI::createSoundInternal             : exinfo->fileoffset         = 53568
[LOG] SystemI::createSoundInternal             : exinfo->numsubsounds       = 1
[LOG] SystemI::createSoundInternal             : exinfo->inclusionlist      = 000000C6CD93F528
[LOG] SystemI::createSoundInternal             : exinfo->inclusionlistnum   = 1
[LOG] SystemI::createSoundInternal             : exinfo->suggestedsoundtype = 5
[LOG] SystemI::createSoundInternal             : exinfo->useropen           = 00007FFB78FD7B10
[LOG] SystemI::createSoundInternal             : exinfo->userclose          = 00007FFB78FD7AE0
[LOG] SystemI::createSoundInternal             : exinfo->userread           = 00007FFB78FD7BE0
[LOG] SystemI::createSoundInternal             : exinfo->userseek           = 00007FFB78FD7CA0
[LOG] SystemI::createSoundInternal             : exinfo->fileuserdata       = 000001E9B0C9AFE8
[LOG] SystemI::createSoundInternal             : exinfo->initialseekpostype = 1
[LOG] SystemI::DSPCodecPoolRegister            : register codec pool for pool type 5
[LOG] SystemI::createSoundInternal             : Sample 0/1: name='rafaga-01', format=5, channels=1, frequency=48000, lengthbytes=3936, lengthpcm=20764, pcmblocksize=0, loopstart=0, loopend=0, mode=0x00000000, channelmask=0x00000000, channelorder=0, peakvolume=0.641510.
[LOG] SystemI::createSoundInternal             : Create name='', mode=0x02000202
[LOG] SystemI::createSoundInternal             : exinfo->cbsize             = 224
[LOG] SystemI::createSoundInternal             : exinfo->length             = 880736
[LOG] SystemI::createSoundInternal             : exinfo->fileoffset         = 53568
[LOG] SystemI::createSoundInternal             : exinfo->numsubsounds       = 1
[LOG] SystemI::createSoundInternal             : exinfo->inclusionlist      = 000000C6CD93F528
[LOG] SystemI::createSoundInternal             : exinfo->inclusionlistnum   = 1
[LOG] SystemI::createSoundInternal             : exinfo->suggestedsoundtype = 5
[LOG] SystemI::createSoundInternal             : exinfo->useropen           = 00007FFB78FD7B10
[LOG] SystemI::createSoundInternal             : exinfo->userclose          = 00007FFB78FD7AE0
[LOG] SystemI::createSoundInternal             : exinfo->userread           = 00007FFB78FD7BE0
[LOG] SystemI::createSoundInternal             : exinfo->userseek           = 00007FFB78FD7CA0
[LOG] SystemI::createSoundInternal             : exinfo->fileuserdata       = 000001E9B0C9AFE8
[LOG] SystemI::createSoundInternal             : exinfo->initialseekpostype = 1
[LOG] SystemI::DSPCodecPoolRegister            : register codec pool for pool type 5
[LOG] SystemI::createSoundInternal             : Sample 0/1: name='rafaga-02', format=5, channels=1, frequency=48000, lengthbytes=4000, lengthpcm=22269, pcmblocksize=0, loopstart=0, loopend=0, mode=0x00000000, channelmask=0x00000000, channelorder=0, peakvolume=0.632568.
[LOG] SystemI::createSoundInternal             : Create name='', mode=0x02000202
[LOG] SystemI::createSoundInternal             : exinfo->cbsize             = 224
[LOG] SystemI::createSoundInternal             : exinfo->length             = 880736
[LOG] SystemI::createSoundInternal             : exinfo->fileoffset         = 53568
[LOG] SystemI::createSoundInternal             : exinfo->numsubsounds       = 1
[LOG] SystemI::createSoundInternal             : exinfo->inclusionlist      = 000000C6CD93F528
[LOG] SystemI::createSoundInternal             : exinfo->inclusionlistnum   = 1
[LOG] SystemI::createSoundInternal             : exinfo->suggestedsoundtype = 5
[LOG] SystemI::createSoundInternal             : exinfo->useropen           = 00007FFB78FD7B10
[LOG] SystemI::createSoundInternal             : exinfo->userclose          = 00007FFB78FD7AE0
[LOG] SystemI::createSoundInternal             : exinfo->userread           = 00007FFB78FD7BE0
[LOG] SystemI::createSoundInternal             : exinfo->userseek           = 00007FFB78FD7CA0
[LOG] SystemI::createSoundInternal             : exinfo->fileuserdata       = 000001E9B0C9AFE8
[LOG] SystemI::createSoundInternal             : exinfo->initialseekpostype = 1
[LOG] SystemI::DSPCodecPoolRegister            : register codec pool for pool type 5
[LOG] SystemI::createSoundInternal             : Sample 0/1: name='rafaga-03', format=5, channels=1, frequency=48000, lengthbytes=4320, lengthpcm=23378, pcmblocksize=0, loopstart=0, loopend=0, mode=0x00000000, channelmask=0x00000000, channelorder=0, peakvolume=0.636414.
[LOG] SystemI::createSoundInternal             : Create name='', mode=0x02000202
[LOG] SystemI::createSoundInternal             : exinfo->cbsize             = 224
[LOG] SystemI::createSoundInternal             : exinfo->length             = 880736
[LOG] SystemI::createSoundInternal             : exinfo->fileoffset         = 53568
[LOG] SystemI::createSoundInternal             : exinfo->numsubsounds       = 1
[LOG] SystemI::createSoundInternal             : exinfo->inclusionlist      = 000000C6CD93F528
[LOG] SystemI::createSoundInternal             : exinfo->inclusionlistnum   = 1
[LOG] SystemI::createSoundInternal             : exinfo->suggestedsoundtype = 5
[LOG] SystemI::createSoundInternal             : exinfo->useropen           = 00007FFB78FD7B10
[LOG] SystemI::createSoundInternal             : exinfo->userclose          = 00007FFB78FD7AE0
[LOG] SystemI::createSoundInternal             : exinfo->userread           = 00007FFB78FD7BE0
[LOG] SystemI::createSoundInternal             : exinfo->userseek           = 00007FFB78FD7CA0
[LOG] SystemI::createSoundInternal             : exinfo->fileuserdata       = 000001E9B0C9AFE8
[LOG] SystemI::createSoundInternal             : exinfo->initialseekpostype = 1
[LOG] SystemI::DSPCodecPoolRegister            : register codec pool for pool type 5
[LOG] SystemI::createSoundInternal             : Sample 0/1: name='rafaga-05', format=5, channels=1, frequency=48000, lengthbytes=4352, lengthpcm=23923, pcmblocksize=0, loopstart=0, loopend=0, mode=0x00000000, channelmask=0x00000000, channelorder=0, peakvolume=0.567474.
[LOG] SystemI::createSoundInternal             : Create name='', mode=0x02000202
[LOG] SystemI::createSoundInternal             : exinfo->cbsize             = 224
[LOG] SystemI::createSoundInternal             : exinfo->length             = 880736
[LOG] SystemI::createSoundInternal             : exinfo->fileoffset         = 53568
[LOG] SystemI::createSoundInternal             : exinfo->numsubsounds       = 1
[LOG] SystemI::createSoundInternal             : exinfo->inclusionlist      = 000000C6CD93F528
[LOG] SystemI::createSoundInternal             : exinfo->inclusionlistnum   = 1
[LOG] SystemI::createSoundInternal             : exinfo->suggestedsoundtype = 5
[LOG] SystemI::createSoundInternal             : exinfo->useropen           = 00007FFB78FD7B10
[LOG] SystemI::createSoundInternal             : exinfo->userclose          = 00007FFB78FD7AE0
[LOG] SystemI::createSoundInternal             : exinfo->userread           = 00007FFB78FD7BE0
[LOG] SystemI::createSoundInternal             : exinfo->userseek           = 00007FFB78FD7CA0
[LOG] SystemI::createSoundInternal             : exinfo->fileuserdata       = 000001E9B0C9AFE8
[LOG] SystemI::createSoundInternal             : exinfo->initialseekpostype = 1
[LOG] SystemI::DSPCodecPoolRegister            : register codec pool for pool type 5
[LOG] SystemI::createSoundInternal             : Sample 0/1: name='rafaga-08', format=5, channels=1, frequency=48000, lengthbytes=3712, lengthpcm=20154, pcmblocksize=0, loopstart=0, loopend=0, mode=0x00000000, channelmask=0x00000000, channelorder=0, peakvolume=0.647675.
[LOG] SystemI::createSoundInternal             : Create name='', mode=0x02000202
[LOG] SystemI::createSoundInternal             : exinfo->cbsize             = 224
[LOG] SystemI::createSoundInternal             : exinfo->length             = 880736
[LOG] SystemI::createSoundInternal             : exinfo->fileoffset         = 53568
[LOG] SystemI::createSoundInternal             : exinfo->numsubsounds       = 1
[LOG] SystemI::createSoundInternal             : exinfo->inclusionlist      = 000000C6CD93F528
[LOG] SystemI::createSoundInternal             : exinfo->inclusionlistnum   = 1
[LOG] SystemI::createSoundInternal             : exinfo->suggestedsoundtype = 5
[LOG] SystemI::createSoundInternal             : exinfo->useropen           = 00007FFB78FD7B10
[LOG] SystemI::createSoundInternal             : exinfo->userclose          = 00007FFB78FD7AE0
[LOG] SystemI::createSoundInternal             : exinfo->userread           = 00007FFB78FD7BE0
[LOG] SystemI::createSoundInternal             : exinfo->userseek           = 00007FFB78FD7CA0
[LOG] SystemI::createSoundInternal             : exinfo->fileuserdata       = 000001E9B0C9AFE8
[LOG] SystemI::createSoundInternal             : exinfo->initialseekpostype = 1
[LOG] SystemI::DSPCodecPoolRegister            : register codec pool for pool type 5
[LOG] SystemI::createSoundInternal             : Sample 0/1: name='rafaga-07', format=5, channels=1, frequency=48000, lengthbytes=4128, lengthpcm=21938, pcmblocksize=0, loopstart=0, loopend=0, mode=0x00000000, channelmask=0x00000000, channelorder=0, peakvolume=0.509155.
[LOG] SystemI::createSoundInternal             : Create name='', mode=0x02000202
[LOG] SystemI::createSoundInternal             : exinfo->cbsize             = 224
[LOG] SystemI::createSoundInternal             : exinfo->length             = 880736
[LOG] SystemI::createSoundInternal             : exinfo->fileoffset         = 53568
[LOG] SystemI::createSoundInternal             : exinfo->numsubsounds       = 1
[LOG] SystemI::createSoundInternal             : exinfo->inclusionlist      = 000000C6CD93F528
[LOG] SystemI::createSoundInternal             : exinfo->inclusionlistnum   = 1
[LOG] SystemI::createSoundInternal             : exinfo->suggestedsoundtype = 5
[LOG] SystemI::createSoundInternal             : exinfo->useropen           = 00007FFB78FD7B10
[LOG] SystemI::createSoundInternal             : exinfo->userclose          = 00007FFB78FD7AE0
[LOG] SystemI::createSoundInternal             : exinfo->userread           = 00007FFB78FD7BE0
[LOG] SystemI::createSoundInternal             : exinfo->userseek           = 00007FFB78FD7CA0
[LOG] SystemI::createSoundInternal             : exinfo->fileuserdata       = 000001E9B0C9E798
[LOG] SystemI::createSoundInternal             : exinfo->initialseekpostype = 1
[LOG] SystemI::DSPCodecPoolRegister            : register codec pool for pool type 5
[LOG] SystemI::createSoundInternal             : Sample 0/1: name='Pasos_player_1', format=5, channels=1, frequency=48000, lengthbytes=5408, lengthpcm=77264, pcmblocksize=0, loopstart=0, loopend=0, mode=0x00000000, channelmask=0x00000000, channelorder=0, peakvolume=0.891327.
[LOG] SystemI::createSoundInternal             : Create name='', mode=0x02000202
[LOG] SystemI::createSoundInternal             : exinfo->cbsize             = 224
[LOG] SystemI::createSoundInternal             : exinfo->length             = 880736
[LOG] SystemI::createSoundInternal             : exinfo->fileoffset         = 53568
[LOG] SystemI::createSoundInternal             : exinfo->numsubsounds       = 1
[LOG] SystemI::createSoundInternal             : exinfo->inclusionlist      = 000000C6CD93F528
[LOG] SystemI::createSoundInternal             : exinfo->inclusionlistnum   = 1
[LOG] SystemI::createSoundInternal             : exinfo->suggestedsoundtype = 5
[LOG] SystemI::createSoundInternal             : exinfo->useropen           = 00007FFB78FD7B10
[LOG] SystemI::createSoundInternal             : exinfo->userclose          = 00007FFB78FD7AE0
[LOG] SystemI::createSoundInternal             : exinfo->userread           = 00007FFB78FD7BE0
[LOG] SystemI::createSoundInternal             : exinfo->userseek           = 00007FFB78FD7CA0
[LOG] SystemI::createSoundInternal             : exinfo->fileuserdata       = 000001E9B0C9E798
[LOG] SystemI::createSoundInternal             : exinfo->initialseekpostype = 1
[LOG] SystemI::DSPCodecPoolRegister            : register codec pool for pool type 5
[LOG] SystemI::createSoundInternal             : Sample 0/1: name='Pasos_player_2', format=5, channels=1, frequency=48000, lengthbytes=5216, lengthpcm=77264, pcmblocksize=0, loopstart=0, loopend=0, mode=0x00000000, channelmask=0x00000000, channelorder=0, peakvolume=0.570047.
[LOG] SystemI::createSoundInternal             : Create name='', mode=0x02000202
[LOG] SystemI::createSoundInternal             : exinfo->cbsize             = 224
[LOG] SystemI::createSoundInternal             : exinfo->length             = 880736
[LOG] SystemI::createSoundInternal             : exinfo->fileoffset         = 53568
[LOG] SystemI::createSoundInternal             : exinfo->numsubsounds       = 1
[LOG] SystemI::createSoundInternal             : exinfo->inclusionlist      = 000000C6CD93F528
[LOG] SystemI::createSoundInternal             : exinfo->inclusionlistnum   = 1
[LOG] SystemI::createSoundInternal             : exinfo->suggestedsoundtype = 5
[LOG] SystemI::createSoundInternal             : exinfo->useropen           = 00007FFB78FD7B10
[LOG] SystemI::createSoundInternal             : exinfo->userclose          = 00007FFB78FD7AE0
[LOG] SystemI::createSoundInternal             : exinfo->userread           = 00007FFB78FD7BE0
[LOG] SystemI::createSoundInternal             : exinfo->userseek           = 00007FFB78FD7CA0
[LOG] SystemI::createSoundInternal             : exinfo->fileuserdata       = 000001E9B0C9E798
[LOG] SystemI::createSoundInternal             : exinfo->initialseekpostype = 1
[LOG] SystemI::DSPCodecPoolRegister            : register codec pool for pool type 5
[LOG] SystemI::createSoundInternal             : Sample 0/1: name='Pasos_player_3', format=5, channels=1, frequency=48000, lengthbytes=5312, lengthpcm=77264, pcmblocksize=0, loopstart=0, loopend=0, mode=0x00000000, channelmask=0x00000000, channelorder=0, peakvolume=0.530216.
[LOG] SystemI::createSoundInternal             : Create name='', mode=0x02000202
[LOG] SystemI::createSoundInternal             : exinfo->cbsize             = 224
[LOG] SystemI::createSoundInternal             : exinfo->length             = 880736
[LOG] SystemI::createSoundInternal             : exinfo->fileoffset         = 53568
[LOG] SystemI::createSoundInternal             : exinfo->numsubsounds       = 1
[LOG] SystemI::createSoundInternal             : exinfo->inclusionlist      = 000000C6CD93F528
[LOG] SystemI::createSoundInternal             : exinfo->inclusionlistnum   = 1
[LOG] SystemI::createSoundInternal             : exinfo->suggestedsoundtype = 5
[LOG] SystemI::createSoundInternal             : exinfo->useropen           = 00007FFB78FD7B10
[LOG] SystemI::createSoundInternal             : exinfo->userclose          = 00007FFB78FD7AE0
[LOG] SystemI::createSoundInternal             : exinfo->userread           = 00007FFB78FD7BE0
[LOG] SystemI::createSoundInternal             : exinfo->userseek           = 00007FFB78FD7CA0
[LOG] SystemI::createSoundInternal             : exinfo->fileuserdata       = 000001E9B0C9BA38
[LOG] SystemI::createSoundInternal             : exinfo->initialseekpostype = 1
[LOG] SystemI::DSPCodecPoolRegister            : register codec pool for pool type 5
[LOG] SystemI::createSoundInternal             : Sample 0/1: name='vida', format=5, channels=1, frequency=48000, lengthbytes=15456, lengthpcm=88226, pcmblocksize=0, loopstart=0, loopend=0, mode=0x00000000, channelmask=0x00000000, channelorder=0, peakvolume=0.891144.
[LOG] SystemI::createSoundInternal             : Create name='', mode=0x02000202
[LOG] SystemI::createSoundInternal             : exinfo->cbsize             = 224
[LOG] SystemI::createSoundInternal             : exinfo->length             = 880736
[LOG] SystemI::createSoundInternal             : exinfo->fileoffset         = 53568
[LOG] SystemI::createSoundInternal             : exinfo->numsubsounds       = 1
[LOG] SystemI::createSoundInternal             : exinfo->inclusionlist      = 000000C6CD93F528
[LOG] SystemI::createSoundInternal             : exinfo->inclusionlistnum   = 1
[LOG] SystemI::createSoundInternal             : exinfo->suggestedsoundtype = 5
[LOG] SystemI::createSoundInternal             : exinfo->useropen           = 00007FFB78FD7B10
[LOG] SystemI::createSoundInternal             : exinfo->userclose          = 00007FFB78FD7AE0
[LOG] SystemI::createSoundInternal             : exinfo->userread           = 00007FFB78FD7BE0
[LOG] SystemI::createSoundInternal             : exinfo->userseek           = 00007FFB78FD7CA0
[LOG] SystemI::createSoundInternal             : exinfo->fileuserdata       = 000001E9B0C9E798
[LOG] SystemI::createSoundInternal             : exinfo->initialseekpostype = 1
[LOG] SystemI::DSPCodecPoolRegister            : register codec pool for pool type 5
[LOG] SystemI::createSoundInternal             : Sample 0/1: name='C.C DISPARO 1', format=5, channels=2, frequency=48000, lengthbytes=18272, lengthpcm=61706, pcmblocksize=0, loopstart=0, loopend=0, mode=0x00000000, channelmask=0x00000000, channelorder=0, peakvolume=0.849762.
[LOG] SystemI::createSoundInternal             : Create name='', mode=0x02000202
[LOG] SystemI::createSoundInternal             : exinfo->cbsize             = 224
[LOG] SystemI::createSoundInternal             : exinfo->length             = 880736
[LOG] SystemI::createSoundInternal             : exinfo->fileoffset         = 53568
[LOG] SystemI::createSoundInternal             : exinfo->numsubsounds       = 1
[LOG] SystemI::createSoundInternal             : exinfo->inclusionlist      = 000000C6CD93F528
[LOG] SystemI::createSoundInternal             : exinfo->inclusionlistnum   = 1
[LOG] SystemI::createSoundInternal             : exinfo->suggestedsoundtype = 5
[LOG] SystemI::createSoundInternal             : exinfo->useropen           = 00007FFB78FD7B10
[LOG] SystemI::createSoundInternal             : exinfo->userclose          = 00007FFB78FD7AE0
[LOG] SystemI::createSoundInternal             : exinfo->userread           = 00007FFB78FD7BE0
[LOG] SystemI::createSoundInternal             : exinfo->userseek           = 00007FFB78FD7CA0
[LOG] SystemI::createSoundInternal             : exinfo->fileuserdata       = 000001E9B0C9E798
[LOG] SystemI::createSoundInternal             : exinfo->initialseekpostype = 1
[LOG] SystemI::DSPCodecPoolRegister            : register codec pool for pool type 5
[LOG] SystemI::createSoundInternal             : Sample 0/1: name='disparo_carne_canon_3', format=5, channels=1, frequency=48000, lengthbytes=28160, lengthpcm=223995, pcmblocksize=0, loopstart=0, loopend=0, mode=0x00000000, channelmask=0x00000000, channelorder=0, peakvolume=0.867363.
[LOG] SystemI::createSoundInternal             : Create name='', mode=0x02000202
[LOG] SystemI::createSoundInternal             : exinfo->cbsize             = 224
[LOG] SystemI::createSoundInternal             : exinfo->length             = 880736
[LOG] SystemI::createSoundInternal             : exinfo->fileoffset         = 53568
[LOG] SystemI::createSoundInternal             : exinfo->numsubsounds       = 1
[LOG] SystemI::createSoundInternal             : exinfo->inclusionlist      = 000000C6CD93F528
[LOG] SystemI::createSoundInternal             : exinfo->inclusionlistnum   = 1
[LOG] SystemI::createSoundInternal             : exinfo->suggestedsoundtype = 5
[LOG] SystemI::createSoundInternal             : exinfo->useropen           = 00007FFB78FD7B10
[LOG] SystemI::createSoundInternal             : exinfo->userclose          = 00007FFB78FD7AE0
[LOG] SystemI::createSoundInternal             : exinfo->userread           = 00007FFB78FD7BE0
[LOG] SystemI::createSoundInternal             : exinfo->userseek           = 00007FFB78FD7CA0
[LOG] SystemI::createSoundInternal             : exinfo->fileuserdata       = 000001E9B0C9E798
[LOG] SystemI::createSoundInternal             : exinfo->initialseekpostype = 1
[LOG] SystemI::DSPCodecPoolRegister            : register codec pool for pool type 5
[LOG] SystemI::createSoundInternal             : Sample 0/1: name='C.C DISPARO 2', format=5, channels=2, frequency=48000, lengthbytes=18912, lengthpcm=64320, pcmblocksize=0, loopstart=0, loopend=0, mode=0x00000000, channelmask=0x00000000, channelorder=0, peakvolume=0.854614.
[LOG] SystemI::createSoundInternal             : Create name='', mode=0x02000202
[LOG] SystemI::createSoundInternal             : exinfo->cbsize             = 224
[LOG] SystemI::createSoundInternal             : exinfo->length             = 880736
[LOG] SystemI::createSoundInternal             : exinfo->fileoffset         = 53568
[LOG] SystemI::createSoundInternal             : exinfo->numsubsounds       = 1
[LOG] SystemI::createSoundInternal             : exinfo->inclusionlist      = 000000C6CD93F528
[LOG] SystemI::createSoundInternal             : exinfo->inclusionlistnum   = 1
[LOG] SystemI::createSoundInternal             : exinfo->suggestedsoundtype = 5
[LOG] SystemI::createSoundInternal             : exinfo->useropen           = 00007FFB78FD7B10
[LOG] SystemI::createSoundInternal             : exinfo->userclose          = 00007FFB78FD7AE0
[LOG] SystemI::createSoundInternal             : exinfo->userread           = 00007FFB78FD7BE0
[LOG] SystemI::createSoundInternal             : exinfo->userseek           = 00007FFB78FD7CA0
[LOG] SystemI::createSoundInternal             : exinfo->fileuserdata       = 000001E9B0C9E798
[LOG] SystemI::createSoundInternal             : exinfo->initialseekpostype = 1
[LOG] SystemI::DSPCodecPoolRegister            : register codec pool for pool type 5
[LOG] SystemI::createSoundInternal             : Sample 0/1: name='disparo_carne_canon_1', format=5, channels=1, frequency=48000, lengthbytes=28896, lengthpcm=223995, pcmblocksize=0, loopstart=0, loopend=0, mode=0x00000000, channelmask=0x00000000, channelorder=0, peakvolume=0.864555.
[LOG] SystemI::createSoundInternal             : Create name='', mode=0x02000202
[LOG] SystemI::createSoundInternal             : exinfo->cbsize             = 224
[LOG] SystemI::createSoundInternal             : exinfo->length             = 880736
[LOG] SystemI::createSoundInternal             : exinfo->fileoffset         = 53568
[LOG] SystemI::createSoundInternal             : exinfo->numsubsounds       = 1
[LOG] SystemI::createSoundInternal             : exinfo->inclusionlist      = 000000C6CD93F528
[LOG] SystemI::createSoundInternal             : exinfo->inclusionlistnum   = 1
[LOG] SystemI::createSoundInternal             : exinfo->suggestedsoundtype = 5
[LOG] SystemI::createSoundInternal             : exinfo->useropen           = 00007FFB78FD7B10
[LOG] SystemI::createSoundInternal             : exinfo->userclose          = 00007FFB78FD7AE0
[LOG] SystemI::createSoundInternal             : exinfo->userread           = 00007FFB78FD7BE0
[LOG] SystemI::createSoundInternal             : exinfo->userseek           = 00007FFB78FD7CA0
[LOG] SystemI::createSoundInternal             : exinfo->fileuserdata       = 000001E9B0C9E798
[LOG] SystemI::createSoundInternal             : exinfo->initialseekpostype = 1
[LOG] SystemI::DSPCodecPoolRegister            : register codec pool for pool type 5
[LOG] SystemI::createSoundInternal             : Sample 0/1: name='disparo_carne_canon_2', format=5, channels=1, frequency=48000, lengthbytes=28960, lengthpcm=223995, pcmblocksize=0, loopstart=0, loopend=0, mode=0x00000000, channelmask=0x00000000, channelorder=0, peakvolume=0.865550.
[LOG] SystemI::createSoundInternal             : Create name='', mode=0x02000202
[LOG] SystemI::createSoundInternal             : exinfo->cbsize             = 224
[LOG] SystemI::createSoundInternal             : exinfo->length             = 880736
[LOG] SystemI::createSoundInternal             : exinfo->fileoffset         = 53568
[LOG] SystemI::createSoundInternal             : exinfo->numsubsounds       = 1
[LOG] SystemI::createSoundInternal             : exinfo->inclusionlist      = 000000C6CD93F528
[LOG] SystemI::createSoundInternal             : exinfo->inclusionlistnum   = 1
[LOG] SystemI::createSoundInternal             : exinfo->suggestedsoundtype = 5
[LOG] SystemI::createSoundInternal             : exinfo->useropen           = 00007FFB78FD7B10
[LOG] SystemI::createSoundInternal             : exinfo->userclose          = 00007FFB78FD7AE0
[LOG] SystemI::createSoundInternal             : exinfo->userread           = 00007FFB78FD7BE0
[LOG] SystemI::createSoundInternal             : exinfo->userseek           = 00007FFB78FD7CA0
[LOG] SystemI::createSoundInternal             : exinfo->fileuserdata       = 000001E9B0C9E798
[LOG] SystemI::createSoundInternal             : exinfo->initialseekpostype = 1
[LOG] SystemI::DSPCodecPoolRegister            : register codec pool for pool type 5
[LOG] SystemI::createSoundInternal             : Sample 0/1: name='C.C DISPARO 4', format=5, channels=2, frequency=48000, lengthbytes=16928, lengthpcm=57800, pcmblocksize=0, loopstart=0, loopend=0, mode=0x00000000, channelmask=0x00000000, channelorder=0, peakvolume=0.849792.
[LOG] SystemI::createSoundInternal             : Create name='', mode=0x02000202
[LOG] SystemI::createSoundInternal             : exinfo->cbsize             = 224
[LOG] SystemI::createSoundInternal             : exinfo->length             = 880736
[LOG] SystemI::createSoundInternal             : exinfo->fileoffset         = 53568
[LOG] SystemI::createSoundInternal             : exinfo->numsubsounds       = 1
[LOG] SystemI::createSoundInternal             : exinfo->inclusionlist      = 000000C6CD93F528
[LOG] SystemI::createSoundInternal             : exinfo->inclusionlistnum   = 1
[LOG] SystemI::createSoundInternal             : exinfo->suggestedsoundtype = 5
[LOG] SystemI::createSoundInternal             : exinfo->useropen           = 00007FFB78FD7B10
[LOG] SystemI::createSoundInternal             : exinfo->userclose          = 00007FFB78FD7AE0
[LOG] SystemI::createSoundInternal             : exinfo->userread           = 00007FFB78FD7BE0
[LOG] SystemI::createSoundInternal             : exinfo->userseek           = 00007FFB78FD7CA0
[LOG] SystemI::createSoundInternal             : exinfo->fileuserdata       = 000001E9B0C9E798
[LOG] SystemI::createSoundInternal             : exinfo->initialseekpostype = 1
[LOG] SystemI::DSPCodecPoolRegister            : register codec pool for pool type 5
[LOG] SystemI::createSoundInternal             : Sample 0/1: name='C.C DISPARO 3', format=5, channels=2, frequency=48000, lengthbytes=17824, lengthpcm=59480, pcmblocksize=0, loopstart=0, loopend=0, mode=0x00000000, channelmask=0x00000000, channelorder=0, peakvolume=0.900726.
[LOG] SystemI::createSoundInternal             : Create name='', mode=0x02000202
[LOG] SystemI::createSoundInternal             : exinfo->cbsize             = 224
[LOG] SystemI::createSoundInternal             : exinfo->length             = 880736
[LOG] SystemI::createSoundInternal             : exinfo->fileoffset         = 53568
[LOG] SystemI::createSoundInternal             : exinfo->numsubsounds       = 1
[LOG] SystemI::createSoundInternal             : exinfo->inclusionlist      = 000000C6CD93F528
[LOG] SystemI::createSoundInternal             : exinfo->inclusionlistnum   = 1
[LOG] SystemI::createSoundInternal             : exinfo->suggestedsoundtype = 5
[LOG] SystemI::createSoundInternal             : exinfo->useropen           = 00007FFB78FD7B10
[LOG] SystemI::createSoundInternal             : exinfo->userclose          = 00007FFB78FD7AE0
[LOG] SystemI::createSoundInternal             : exinfo->userread           = 00007FFB78FD7BE0
[LOG] SystemI::createSoundInternal             : exinfo->userseek           = 00007FFB78FD7CA0
[LOG] SystemI::createSoundInternal             : exinfo->fileuserdata       = 000001E9B0C9DF58
[LOG] SystemI::createSoundInternal             : exinfo->initialseekpostype = 1
[LOG] SystemI::DSPCodecPoolRegister            : register codec pool for pool type 5
[LOG] SystemI::createSoundInternal             : Sample 0/1: name='404109__deathscyp__damage-1', format=5, channels=2, frequency=48000, lengthbytes=5888, lengthpcm=26192, pcmblocksize=0, loopstart=0, loopend=0, mode=0x00000000, channelmask=0x00000000, channelorder=0, peakvolume=0.350616.
[LOG] Manager::readBank                        : fileversion = 135, compatVersion = 132 (oldest = 44, newest = 135)
[LOG] SystemI::createSound                     : filename = Assets\Audio\FMOD\Build\Desktop/Master.bank : mode 02010082
[LOG] SystemI::createSound                     : FMOD_NONBLOCKING specified.  Putting into queue to be opened asynchronously!
[LOG] Thread::initThread                       : Init FMOD nonblocking thread (0). Affinity: 0x8000000000000003, Priority: 0xFFFF7FFC, Stack Size: 114688, Semaphore: Yes, Sleep Time: 0, Looping: Yes.
[LOG] SystemI::createSound                     : setdata soundi = 000001E9DA5B48F8 : node = 000001E9A52DA600
[LOG] SystemI::createSound                     : add node to async list : head = 000001E9D6B0A7A8.  list count = 0
[LOG] AsyncThread::threadFunc                  : Starting Asynchronous operation on sound 000001E9DA5B48F8
[LOG] SystemI::createSoundInternal             :     Create name='Assets\Audio\FMOD\Build\Desktop/Master.bank', mode=0x02010082
[LOG] SystemI::createSoundInternal             :     exinfo->cbsize             = 224
[LOG] SystemI::createSoundInternal             :     exinfo->length             = 880736
[LOG] SystemI::createSoundInternal             :     exinfo->fileoffset         = 53568
[LOG] SystemI::createSoundInternal             :     exinfo->numsubsounds       = 1
[LOG] SystemI::createSoundInternal             :     exinfo->inclusionlist      = 000001E9A52DA710
[LOG] SystemI::createSoundInternal             :     exinfo->inclusionlistnum   = 1
[LOG] SystemI::createSoundInternal             :     exinfo->suggestedsoundtype = 5
[LOG] SystemI::createSoundInternal             :     exinfo->initialseekpostype = 1
[LOG] SystemI::createSoundInternal             :     Stream 0/1: name='509566__ttttrr__hurts', format=5, channels=2, frequency=48000, lengthbytes=202432, lengthpcm=919874, pcmblocksize=0, loopstart=0, loopend=0, mode=0x00000000, channelmask=0x00000000, channelorder=0, peakvolume=0.954163.
[LOG] Thread::initThread                       :     Init FMOD file thread. Affinity: 0x8000000000000003, Priority: 0xFFFF7FFC, Stack Size: 49152, Semaphore: No, Sleep Time: 10, Looping: Yes.
[LOG] AsyncThread::threadFunc                  : Finished Asynchronous operation on sound 000001E9DA5B48F8
[LOG] AsyncThread::threadFunc                  : Starting Asynchronous operation on sound 000001E9DA5B4AA8
[LOG] AsyncThread::threadFunc                  : Finished Asynchronous operation on sound 000001E9DA5B4AA8
[LOG] SystemI::createSoundInternal             : Create name='', mode=0x02000202
[LOG] SystemI::createSoundInternal             : exinfo->cbsize             = 224
[LOG] SystemI::createSoundInternal             : exinfo->length             = 880736
[LOG] SystemI::createSoundInternal             : exinfo->fileoffset         = 53568
[LOG] SystemI::createSoundInternal             : exinfo->numsubsounds       = 1
[LOG] SystemI::createSoundInternal             : exinfo->inclusionlist      = 000000C6CD93F528
[LOG] SystemI::createSoundInternal             : exinfo->inclusionlistnum   = 1
[LOG] SystemI::createSoundInternal             : exinfo->suggestedsoundtype = 5
[LOG] SystemI::createSoundInternal             : exinfo->useropen           = 00007FFB78FD7B10
[LOG] SystemI::createSoundInternal             : exinfo->userclose          = 00007FFB78FD7AE0
[LOG] SystemI::createSoundInternal             : exinfo->userread           = 00007FFB78FD7BE0
[LOG] SystemI::createSoundInternal             : exinfo->userseek           = 00007FFB78FD7CA0
[LOG] SystemI::createSoundInternal             : exinfo->fileuserdata       = 000001E9B0C9DF58
[LOG] SystemI::createSoundInternal             : exinfo->initialseekpostype = 1
[LOG] SystemI::DSPCodecPoolRegister            : register codec pool for pool type 5
[LOG] SystemI::createSoundInternal             : Sample 0/1: name='Pasos_carne_canon_1', format=5, channels=1, frequency=48000, lengthbytes=4736, lengthpcm=72805, pcmblocksize=0, loopstart=0, loopend=0, mode=0x00000000, channelmask=0x00000000, channelorder=0, peakvolume=0.713837.
[LOG] SystemI::createSoundInternal             : Create name='', mode=0x02000202
[LOG] SystemI::createSoundInternal             : exinfo->cbsize             = 224
[LOG] SystemI::createSoundInternal             : exinfo->length             = 880736
[LOG] SystemI::createSoundInternal             : exinfo->fileoffset         = 53568
[LOG] SystemI::createSoundInternal             : exinfo->numsubsounds       = 1
[LOG] SystemI::createSoundInternal             : exinfo->inclusionlist      = 000000C6CD93F528
[LOG] SystemI::createSoundInternal             : exinfo->inclusionlistnum   = 1
[LOG] SystemI::createSoundInternal             : exinfo->suggestedsoundtype = 5
[LOG] SystemI::createSoundInternal             : exinfo->useropen           = 00007FFB78FD7B10
[LOG] SystemI::createSoundInternal             : exinfo->userclose          = 00007FFB78FD7AE0
[LOG] SystemI::createSoundInternal             : exinfo->userread           = 00007FFB78FD7BE0
[LOG] SystemI::createSoundInternal             : exinfo->userseek           = 00007FFB78FD7CA0
[LOG] SystemI::createSoundInternal             : exinfo->fileuserdata       = 000001E9B0C9DF58
[LOG] SystemI::createSoundInternal             : exinfo->initialseekpostype = 1
[LOG] SystemI::DSPCodecPoolRegister            : register codec pool for pool type 5
[LOG] SystemI::createSoundInternal             : Sample 0/1: name='Pasos_carne_canon_3', format=5, channels=1, frequency=48000, lengthbytes=4832, lengthpcm=72805, pcmblocksize=0, loopstart=0, loopend=0, mode=0x00000000, channelmask=0x00000000, channelorder=0, peakvolume=0.710803.
[LOG] SystemI::createSoundInternal             : Create name='', mode=0x02000202
[LOG] SystemI::createSoundInternal             : exinfo->cbsize             = 224
[LOG] SystemI::createSoundInternal             : exinfo->length             = 880736
[LOG] SystemI::createSoundInternal             : exinfo->fileoffset         = 53568
[LOG] SystemI::createSoundInternal             : exinfo->numsubsounds       = 1
[LOG] SystemI::createSoundInternal             : exinfo->inclusionlist      = 000000C6CD93F528
[LOG] SystemI::createSoundInternal             : exinfo->inclusionlistnum   = 1
[LOG] SystemI::createSoundInternal             : exinfo->suggestedsoundtype = 5
[LOG] SystemI::createSoundInternal             : exinfo->useropen           = 00007FFB78FD7B10
[LOG] SystemI::createSoundInternal             : exinfo->userclose          = 00007FFB78FD7AE0
[LOG] SystemI::createSoundInternal             : exinfo->userread           = 00007FFB78FD7BE0
[LOG] SystemI::createSoundInternal             : exinfo->userseek           = 00007FFB78FD7CA0
[LOG] SystemI::createSoundInternal             : exinfo->fileuserdata       = 000001E9B0C9DF58
[LOG] SystemI::createSoundInternal             : exinfo->initialseekpostype = 1
[LOG] SystemI::DSPCodecPoolRegister            : register codec pool for pool type 5
[LOG] SystemI::createSoundInternal             : Sample 0/1: name='Pasos_carne_canon_2', format=5, channels=1, frequency=48000, lengthbytes=4704, lengthpcm=72805, pcmblocksize=0, loopstart=0, loopend=0, mode=0x00000000, channelmask=0x00000000, channelorder=0, peakvolume=0.763870.
[LOG] SoundI::release                          : 509566__ttttrr__hurts (000001E9DA5B48F8)
[LOG] SoundI::release                          :     509566__ttttrr__hurts (000001E9AD3A0168)
[LOG] SoundI::release                          :     509566__ttttrr__hurts (000001E9DA5B4AA8)
[LOG] SoundI::release                          :  (000001E9D5ED3478)
[LOG] SoundI::release                          :     rafaga-01 (000001E9AA02DE58)
[LOG] SoundI::release                          :  (000001E9D5ED1648)
[LOG] SoundI::release                          :     rafaga-02 (000001E9AA02C118)
[LOG] SoundI::release                          :  (000001E9D5ED1C08)
[LOG] SoundI::release                          :     rafaga-03 (000001E9AA02AF38)
[LOG] SoundI::release                          :  (000001E9D5ED11F8)
[LOG] SoundI::release                          :     rafaga-04 (000001E9AA02CAD8)
[LOG] SoundI::release                          :  (000001E9D5ED1D78)
[LOG] SoundI::release                          :     rafaga-05 (000001E9AA02D7D8)
[LOG] SoundI::release                          :  (000001E9D5ED4E58)
[LOG] SoundI::release                          :     rafaga-06 (000001E9AA02BF78)
[LOG] SoundI::release                          :  (000001E9D5ED4448)
[LOG] SoundI::release                          :     rafaga-07 (000001E9AA02AA58)
[LOG] SoundI::release                          :  (000001E9D5ED1EE8)
[LOG] SoundI::release                          :     rafaga-08 (000001E9AA02AD98)
[LOG] SoundI::release                          :  (000001E9D6802DC8)
[LOG] SoundI::release                          :     vida (000001E9AA02C5F8)
[LOG] SoundI::release                          :  (000001E9B0A04528)
[LOG] SoundI::release                          :     404109__deathscyp__damage-1 (000001E9D6E3D928)
[LOG] SoundI::release                          :  (000001E9D68037D8)
[LOG] SoundI::release                          :     Pasos_player_1 (000001E9AA02B278)
[LOG] SoundI::release                          :  (000001E9D6802248)
[LOG] SoundI::release                          :     Pasos_player_2 (000001E9AA02C2B8)
[LOG] SoundI::release                          :  (000001E9D6803D98)
[LOG] SoundI::release                          :     Pasos_player_3 (000001E9AA02A3D8)
[LOG] SoundI::release                          :  (000001E9A9AD6AF8)
[LOG] SoundI::release                          :     Pasos_carne_canon_1 (000001E9AD3A07E8)
[LOG] SoundI::release                          :  (000001E9A9AD6DD8)
[LOG] SoundI::release                          :     Pasos_carne_canon_2 (000001E9AD3A1EA8)
[LOG] SoundI::release                          :  (000001E9A9AD6C68)
[LOG] SoundI::release                          :     Pasos_carne_canon_3 (000001E9AD39DA68)
[LOG] SoundI::release                          :  (000001E9B0A04C58)
[LOG] SoundI::release                          :     disparo_carne_canon_2 (000001E9AA02B418)
[LOG] SoundI::release                          :  (000001E9B0A05AB8)
[LOG] SoundI::release                          :     disparo_carne_canon_3 (000001E9AA02D158)
[LOG] SoundI::release                          :  (000001E9B0A05D98)
[LOG] SoundI::release                          :     disparo_carne_canon_1 (000001E9AA02D638)
[LOG] SoundI::release                          :  (000001E9B0A040D8)
[LOG] SoundI::release                          :     C.C DISPARO 1 (000001E9AA02CFB8)
[LOG] SoundI::release                          :  (000001E9B0A03278)
[LOG] SoundI::release                          :     C.C DISPARO 2 (000001E9AA02D498)
[LOG] SoundI::release                          :  (000001E9B0A06078)
[LOG] SoundI::release                          :     C.C DISPARO 3 (000001E9AA02A098)
[LOG] SoundI::release                          :  (000001E9B0A04F38)
[LOG] SoundI::release                          :     C.C DISPARO 4 (000001E9AA02DB18)
[LOG] SoundI::release                          :  (000001E9B10EB1C8)
[LOG] SoundI::release                          :     Carga varita  (000001E9AA02B0D8)
[LOG] Thread::callback                         : FMOD Studio update thread finished.
[LOG] Thread::callback                         : FMOD Studio bank load thread finished.
[LOG] Profile::disconnectAll                   : Profiler disconnecting all clients
[LOG] Thread::callback                         : FMOD Studio sample load thread finished.
[LOG] LiveUpdate::release                      : 
[LOG] LiveUpdate::reset                        : Reset connection (reason Disconnected)
[LOG] Thread::callback                         : FMOD stream thread finished.
[LOG] Thread::callback                         : FMOD mixer thread finished.
[LOG] Profile::disconnectAll                   : Profiler disconnecting all clients
[LOG] SystemI::close                           : Closed.
[LOG] Manager::readBank                        : fileversion = 135, compatVersion = 132 (oldest = 44, newest = 135)
[LOG] Manager::readBank                        : fileversion = 135, compatVersion = 132 (oldest = 44, newest = 135)
[LOG] Manager::readBank                        : fileversion = 135, compatVersion = 132 (oldest = 44, newest = 135)
[LOG] Manager::readBank                        : fileversion = 135, compatVersion = 132 (oldest = 44, newest = 135)
[LOG] PlaybackSystem::acquireMasterBus         : Setting master channel group format to 6
